<?xml version="1.0" encoding="UTF-8"?>
<!-- Generated by org.testng.reporters.JUnitReportReporter -->
<testsuite skipped="0" hostname="DESKTOP-64CPPE3" name="com.captcha.ReadCaptcha" tests="1" failures="0" timestamp="30 Nov 2019 11:58:28 GMT" time="42.260" errors="0">
  <testcase name="test" time="42.260" classname="com.captcha.ReadCaptcha"/>
</testsuite> <!-- com.captcha.ReadCaptcha -->
